This file contains any messages produced by compilers while
running configure, to aid debugging if configure makes a mistake.

It was created by VampirTrace configure 5.4.14, which was
generated by GNU Autoconf 2.63.  Invocation command line was

  $ ../../../../../ompi/contrib/vt/vt/configure --disable-option-checking --with-openmpi --disable-config-titles --disable-config-summary --prefix=/usr --cache-file=/dev/null --srcdir=../../../../../ompi/contrib/vt/vt

## --------- ##
## Platform. ##
## --------- ##

hostname = debian-ovp
uname -m = mips
uname -r = 2.6.32-5-4kc-malta
uname -s = Linux
uname -v = #1 Fri Dec 10 18:18:18 UTC 2010

/usr/bin/uname -p = unknown
/bin/uname -X     = unknown

/bin/arch              = unknown
/usr/bin/arch -k       = unknown
/usr/convex/getsysinfo = unknown
/usr/bin/hostinfo      = unknown
/bin/machine           = unknown
/usr/bin/oslevel       = unknown
/bin/universe          = unknown

PATH: /usr/local/bin
PATH: /usr/bin
PATH: /bin
PATH: /usr/local/games
PATH: /usr/games


## ----------- ##
## Core tests. ##
## ----------- ##

configure:2369: checking for a BSD-compatible install
configure:2437: result: /usr/bin/install -c
configure:2448: checking whether build environment is sane
configure:2491: result: yes
configure:2618: checking for a thread-safe mkdir -p
configure:2657: result: /bin/mkdir -p
configure:2670: checking for gawk
configure:2686: found /usr/bin/gawk
configure:2697: result: gawk
configure:2708: checking whether make sets $(MAKE)
configure:2730: result: yes
configure:2754: error: source directory already configured; run "make distclean" there first

## ---------------- ##
## Cache variables. ##
## ---------------- ##

ac_cv_env_AR_set=
ac_cv_env_AR_value=
ac_cv_env_CCASFLAGS_set=
ac_cv_env_CCASFLAGS_value=
ac_cv_env_CCAS_set=
ac_cv_env_CCAS_value=
ac_cv_env_CCC_set=
ac_cv_env_CCC_value=
ac_cv_env_CC_FOR_BUILD_set=
ac_cv_env_CC_FOR_BUILD_value=
ac_cv_env_CC_set=
ac_cv_env_CC_value=
ac_cv_env_CFLAGS_FOR_BUILD_set=
ac_cv_env_CFLAGS_FOR_BUILD_value=
ac_cv_env_CFLAGS_set=set
ac_cv_env_CFLAGS_value='-O3 -DNDEBUG -finline-functions -fno-strict-aliasing -pthread -fvisibility=hidden'
ac_cv_env_CPPFLAGS_FOR_BUILD_set=
ac_cv_env_CPPFLAGS_FOR_BUILD_value=
ac_cv_env_CPPFLAGS_set=set
ac_cv_env_CPPFLAGS_value=' '
ac_cv_env_CPP_FOR_BUILD_set=
ac_cv_env_CPP_FOR_BUILD_value=
ac_cv_env_CPP_set=
ac_cv_env_CPP_value=
ac_cv_env_CXXCPP_FOR_BUILD_set=
ac_cv_env_CXXCPP_FOR_BUILD_value=
ac_cv_env_CXXCPP_set=
ac_cv_env_CXXCPP_value=
ac_cv_env_CXXFLAGS_FOR_BUILD_set=
ac_cv_env_CXXFLAGS_FOR_BUILD_value=
ac_cv_env_CXXFLAGS_set=set
ac_cv_env_CXXFLAGS_value='-O3 -DNDEBUG -finline-functions -pthread'
ac_cv_env_CXX_FOR_BUILD_set=
ac_cv_env_CXX_FOR_BUILD_value=
ac_cv_env_CXX_set=
ac_cv_env_CXX_value=
ac_cv_env_F77_set=
ac_cv_env_F77_value=
ac_cv_env_FCFLAGS_set=
ac_cv_env_FCFLAGS_value=
ac_cv_env_FC_set=
ac_cv_env_FC_value=
ac_cv_env_FFLAGS_set=set
ac_cv_env_FFLAGS_value=
ac_cv_env_LDFLAGS_FOR_BUILD_set=
ac_cv_env_LDFLAGS_FOR_BUILD_value=
ac_cv_env_LDFLAGS_set=set
ac_cv_env_LDFLAGS_value=' '
ac_cv_env_LDSHFLAG_set=
ac_cv_env_LDSHFLAG_value=
ac_cv_env_LIBS_FOR_BUILD_set=
ac_cv_env_LIBS_FOR_BUILD_value=
ac_cv_env_LIBS_set=set
ac_cv_env_LIBS_value='-lnsl -lutil  -lm '
ac_cv_env_MPICC_set=
ac_cv_env_MPICC_value=
ac_cv_env_MPICFLAGS_set=
ac_cv_env_MPICFLAGS_value=
ac_cv_env_OMPFLAG_set=
ac_cv_env_OMPFLAG_value=
ac_cv_env_build_alias_set=
ac_cv_env_build_alias_value=
ac_cv_env_host_alias_set=
ac_cv_env_host_alias_value=
ac_cv_env_target_alias_set=
ac_cv_env_target_alias_value=
ac_cv_path_install='/usr/bin/install -c'
ac_cv_path_mkdir=/bin/mkdir
ac_cv_prog_AWK=gawk
ac_cv_prog_make_make_set=yes

## ----------------- ##
## Output variables. ##
## ----------------- ##

ACLOCAL=''
AMBUILDBINARIES_FALSE=''
AMBUILDBINARIES_TRUE=''
AMBUILDCOMPINST_FTRACE_FALSE=''
AMBUILDCOMPINST_FTRACE_TRUE=''
AMBUILDCOMPINST_GNU_FALSE=''
AMBUILDCOMPINST_GNU_TRUE=''
AMBUILDCOMPINST_INTEL_FALSE=''
AMBUILDCOMPINST_INTEL_TRUE=''
AMBUILDCOMPINST_PGI_FALSE=''
AMBUILDCOMPINST_PGI_TRUE=''
AMBUILDCOMPINST_PHAT_FALSE=''
AMBUILDCOMPINST_PHAT_TRUE=''
AMBUILDCOMPINST_XL_FALSE=''
AMBUILDCOMPINST_XL_TRUE=''
AMBUILDDYNATTLIB_FALSE=''
AMBUILDDYNATTLIB_TRUE=''
AMBUILDHYB_FALSE=''
AMBUILDHYB_TRUE=''
AMBUILDIOWRAP_FALSE=''
AMBUILDIOWRAP_TRUE=''
AMBUILDMPI_FALSE=''
AMBUILDMPI_TRUE=''
AMBUILDOMP_FALSE=''
AMBUILDOMP_TRUE=''
AMDEPBACKSLASH=''
AMDEP_FALSE=''
AMDEP_TRUE=''
AMEXTERNOTF_FALSE=''
AMEXTERNOTF_TRUE=''
AMHAVEDYNINST_FALSE=''
AMHAVEDYNINST_TRUE=''
AMHAVEF77_FALSE=''
AMHAVEF77_TRUE=''
AMHAVEFC_FALSE=''
AMHAVEFC_TRUE=''
AMHAVEMEMHOOKS_FALSE=''
AMHAVEMEMHOOKS_TRUE=''
AMHAVEOMP_FALSE=''
AMHAVEOMP_TRUE=''
AMHAVEPAPI_FALSE=''
AMHAVEPAPI_TRUE=''
AMTAR=''
AR=''
AUTOCONF=''
AUTOHEADER=''
AUTOMAKE=''
AWK='gawk'
CC=''
CCAS=''
CCASDEPMODE=''
CCASFLAGS=''
CCDEPMODE=''
CC_FOR_BUILD=''
CFLAGS='-O3 -DNDEBUG -finline-functions -fno-strict-aliasing -pthread -fvisibility=hidden'
CFLAGS_FOR_BUILD=''
CPP=''
CPPFLAGS=' '
CPPFLAGS_FOR_BUILD=''
CPP_FOR_BUILD=''
CXX=''
CXXCPP=''
CXXCPP_FOR_BUILD=''
CXXDEPMODE=''
CXXFLAGS='-O3 -DNDEBUG -finline-functions -pthread'
CXXFLAGS_FOR_BUILD=''
CXX_FOR_BUILD=''
CYGPATH_W=''
DEFS=''
DEPDIR=''
DLINCDIR=''
DLLIB=''
DLLIBDIR=''
DSYMUTIL=''
DUMPBIN=''
DYNIINCDIR=''
DYNILIB=''
DYNILIBDIR=''
ECHO_C=''
ECHO_N='-n'
ECHO_T=''
EGREP=''
EXEEXT=''
F77=''
FC=''
FCFLAGS=''
FFLAGS=''
FGREP=''
FMPILIB=''
GREP=''
INSTALL_DATA='${INSTALL} -m 644'
INSTALL_PROGRAM='${INSTALL}'
INSTALL_SCRIPT='${INSTALL}'
INSTALL_STRIP_PROGRAM='$(install_sh) -c -s'
LD=''
LDFLAGS=' '
LDFLAGS_FOR_BUILD=''
LDSHFLAG=''
LIBOBJS=''
LIBS='-lnsl -lutil  -lm '
LIBS_FOR_BUILD=''
LIBTOOL=''
LIPO=''
LN_S=''
LTLIBOBJS=''
MAKEINFO=''
MKDIR_P='/bin/mkdir -p'
MPICC=''
MPICFLAGS=''
MPIDIR=''
MPIINCDIR=''
MPILIB=''
MPILIBDIR=''
NM=''
NMEDIT=''
OBJDUMP=''
OBJEXT=''
OMPFLAG=''
OTFDIR=''
OTFINCDIR=''
OTFLIB=''
OTFLIBDIR=''
OTOOL64=''
OTOOL=''
PACKAGE=''
PACKAGE_BUGREPORT='vampirsupport@zih.tu-dresden.de'
PACKAGE_NAME='VampirTrace'
PACKAGE_STRING='VampirTrace 5.4.14'
PACKAGE_TARNAME='vampirtrace'
PACKAGE_VERSION='5.4.14'
PAPIINCDIR=''
PAPILIB=''
PAPILIBDIR=''
PATH_SEPARATOR=':'
PLATFORM=''
PMPILIB=''
RANLIB=''
SED=''
SET_MAKE=''
SHELL='/bin/bash'
STRIP=''
VERSION=''
VTDYNATTLIB=''
VT_WRAPPER_AVAIL_INST=''
VT_WRAPPER_DEFAULT_INST=''
VT_WRAPPER_EXTRA_CFLAGS=''
VT_WRAPPER_EXTRA_CXXFLAGS=''
VT_WRAPPER_EXTRA_FCFLAGS=''
VT_WRAPPER_EXTRA_FFLAGS=''
VT_WRAPPER_EXTRA_LDFLAGS=''
VT_WRAPPER_EXTRA_LIBS=''
VT_WRAPPER_OPARI_BIN=''
ZLIBINCDIR=''
ZLIBLIB=''
ZLIBLIBDIR=''
ac_ct_CC=''
ac_ct_CXX=''
ac_ct_DUMPBIN=''
ac_ct_F77=''
ac_ct_FC=''
am__fastdepCCAS_FALSE=''
am__fastdepCCAS_TRUE=''
am__fastdepCC_FALSE=''
am__fastdepCC_TRUE=''
am__fastdepCXX_FALSE=''
am__fastdepCXX_TRUE=''
am__include=''
am__isrc=' -I$(srcdir)'
am__leading_dot='.'
am__quote=''
am__tar=''
am__untar=''
bindir='${exec_prefix}/bin'
build=''
build_alias=''
build_cpu=''
build_os=''
build_vendor=''
datadir='${datarootdir}'
datarootdir='${prefix}/share'
docdir='${datarootdir}/doc/${PACKAGE_TARNAME}'
dvidir='${docdir}'
exec_prefix='NONE'
host=''
host_alias=''
host_cpu=''
host_os=''
host_vendor=''
htmldir='${docdir}'
includedir='${prefix}/include'
infodir='${datarootdir}/info'
install_sh='$(SHELL) /home/yj2244/openmpi/openmpi-1.4.5/ompi/contrib/vt/vt/install-sh'
libdir='${exec_prefix}/lib'
libexecdir='${exec_prefix}/libexec'
localedir='${datarootdir}/locale'
localstatedir='${prefix}/var'
lt_ECHO='echo'
mandir='${datarootdir}/man'
mkdir_p='/bin/mkdir -p'
oldincludedir='/usr/include'
pdfdir='${docdir}'
prefix='/usr'
program_transform_name='s,x,x,'
psdir='${docdir}'
sbindir='${exec_prefix}/sbin'
sharedstatedir='${prefix}/com'
sysconfdir='${prefix}/etc'
target_alias=''

## ----------- ##
## confdefs.h. ##
## ----------- ##

#define PACKAGE_NAME "VampirTrace"
#define PACKAGE_TARNAME "vampirtrace"
#define PACKAGE_VERSION "5.4.14"
#define PACKAGE_STRING "VampirTrace 5.4.14"
#define PACKAGE_BUGREPORT "vampirsupport@zih.tu-dresden.de"

configure: exit 1
