This file contains any messages produced by compilers while
running configure, to aid debugging if configure makes a mistake.

It was created by configure, which was
generated by GNU Autoconf 2.63.  Invocation command line was

  $ ../../../../../../ompi/mca/io/romio/romio/configure CFLAGS=-O3 -DNDEBUG -finline-functions -fno-strict-aliasing -pthread CPPFLAGS=  FFLAGS= LDFLAGS=  --enable-shared --disable-static --prefix=/usr --with-mpi=open_mpi --disable-aio --cache-file=/dev/null --srcdir=../../../../../../ompi/mca/io/romio/romio

## --------- ##
## Platform. ##
## --------- ##

hostname = debian-ovp
uname -m = mips
uname -r = 2.6.32-5-4kc-malta
uname -s = Linux
uname -v = #1 Fri Dec 10 18:18:18 UTC 2010

/usr/bin/uname -p = unknown
/bin/uname -X     = unknown

/bin/arch              = unknown
/usr/bin/arch -k       = unknown
/usr/convex/getsysinfo = unknown
/usr/bin/hostinfo      = unknown
/bin/machine           = unknown
/usr/bin/oslevel       = unknown
/bin/universe          = unknown

PATH: /usr/local/bin
PATH: /usr/bin
PATH: /bin
PATH: /usr/local/games
PATH: /usr/games


## ----------- ##
## Core tests. ##
## ----------- ##

configure:2168: checking for Open MPI support files
configure:2178: result: in Open MPI source tree -- good
configure:2411: checking for a BSD-compatible install
configure:2479: result: /usr/bin/install -c
configure:2490: checking whether build environment is sane
configure:2533: result: yes
configure:2660: checking for a thread-safe mkdir -p
configure:2699: result: /bin/mkdir -p
configure:2712: checking for gawk
configure:2728: found /usr/bin/gawk
configure:2739: result: gawk
configure:2750: checking whether make sets $(MAKE)
configure:2772: result: yes
configure:2796: error: source directory already configured; run "make distclean" there first

## ---------------- ##
## Cache variables. ##
## ---------------- ##

ac_cv_env_CC_set=
ac_cv_env_CC_value=
ac_cv_env_CFLAGS_set=set
ac_cv_env_CFLAGS_value='-O3 -DNDEBUG -finline-functions -fno-strict-aliasing -pthread'
ac_cv_env_CPPFLAGS_set=set
ac_cv_env_CPPFLAGS_value=' '
ac_cv_env_CPP_set=
ac_cv_env_CPP_value=
ac_cv_env_F77_set=
ac_cv_env_F77_value=
ac_cv_env_FFLAGS_set=set
ac_cv_env_FFLAGS_value=
ac_cv_env_LDFLAGS_set=set
ac_cv_env_LDFLAGS_value=' '
ac_cv_env_LIBS_set=set
ac_cv_env_LIBS_value='-lnsl -lutil  -lm '
ac_cv_env_build_alias_set=
ac_cv_env_build_alias_value=
ac_cv_env_host_alias_set=
ac_cv_env_host_alias_value=
ac_cv_env_target_alias_set=
ac_cv_env_target_alias_value=
ac_cv_path_install='/usr/bin/install -c'
ac_cv_path_mkdir=/bin/mkdir
ac_cv_prog_AWK=gawk
ac_cv_prog_make_make_set=yes

## ----------------- ##
## Output variables. ##
## ----------------- ##

ACLOCAL=''
AMDEPBACKSLASH=''
AMDEP_FALSE=''
AMDEP_TRUE=''
AMTAR=''
AR=''
ARCH=''
AUTOCONF=''
AUTOHEADER=''
AUTOMAKE=''
AWK='gawk'
BITS='0'
BUILD_BGLOCKLESS_FALSE=''
BUILD_BGLOCKLESS_TRUE=''
BUILD_BGL_FALSE=''
BUILD_BGL_TRUE=''
BUILD_GRIDFTP_FALSE=''
BUILD_GRIDFTP_TRUE=''
BUILD_LUSTRE_FALSE=''
BUILD_LUSTRE_TRUE=''
BUILD_MPI_ARRAY=''
BUILD_MPI_INFO=''
BUILD_NFS_FALSE=''
BUILD_NFS_TRUE=''
BUILD_PANFS_FALSE=''
BUILD_PANFS_TRUE=''
BUILD_PFS_FALSE=''
BUILD_PFS_TRUE=''
BUILD_PVFS2_FALSE=''
BUILD_PVFS2_TRUE=''
BUILD_PVFS_FALSE=''
BUILD_PVFS_TRUE=''
BUILD_SFS_FALSE=''
BUILD_SFS_TRUE=''
BUILD_TESTFS_FALSE=''
BUILD_TESTFS_TRUE=''
BUILD_UFS_FALSE=''
BUILD_UFS_TRUE=''
BUILD_XFS_FALSE=''
BUILD_XFS_TRUE=''
CC=''
CCDEPMODE=''
CFLAGS='-O3 -DNDEBUG -finline-functions -fno-strict-aliasing -pthread'
CPP=''
CPPFLAGS=' '
CYGPATH_W=''
DEFINE_HAVE_MPI_GREQUEST='#undef HAVE_MPI_GREQUEST'
DEFINE_MPI_OFFSET=''
DEFS=''
DEPDIR=''
DOCTEXT=''
DSYMUTIL=''
DUMPBIN=''
ECHO_C=''
ECHO_N='-n'
ECHO_T=''
EGREP=''
EXEEXT=''
EXTRA_SRC_DIRS=''
F77=''
F77GETARG='call getarg(i,str)'
F77IARGC='iargc()'
F77MPIOINC=''
F90=''
FFLAGS=''
FGREP=''
FILE_SYSTEM=''
FILE_SYS_DIRS=''
FORTRAN_MPI_OFFSET=''
FORTRAN_TEST=''
FROM_LAM='no'
FROM_MPICH2='no'
FROM_MPICH='no'
FTESTDEFINE=''
GLUE_DIR=''
GREP=''
HAVE_MPI_DARRAY_SUBARRAY=''
HAVE_MPI_INFO=''
HAVE_WEAK_SYMBOLS=''
INSTALL_DATA='${INSTALL} -m 644'
INSTALL_PROGRAM='${INSTALL}'
INSTALL_SCRIPT='${INSTALL}'
INSTALL_STRIP_PROGRAM='$(install_sh) -c -s'
LD=''
LDFLAGS=' '
LIBNAME=''
LIBOBJS=''
LIBS='-lnsl -lutil  -lm '
LIBTOOL=''
LIPO=''
LL='lld'
LN_S=''
LTLIBOBJS=''
MAKEINFO=''
MIPS='0'
MKDIR_P='/bin/mkdir -p'
MPI='open_mpi'
MPIO_EXTRA_OBJECTS='get_errh.o set_errh.o'
MPIO_EXTRA_REAL_POBJECTS='_get_errh.o _set_errh.o'
MPIO_EXTRA_TMP_POBJECTS='get_errh.p set_errh.p'
MPIO_REQOBJECTS='iotest.o iotestall.o iotestany.o iotestsome.o iowait.o iowaitall.o iowaitany.o iowaitsome.o ioreq_c2f.o ioreq_f2c.o'
MPIO_REQ_REAL_POBJECTS='_iotest.o _iowait.o _iowaitall.o _iowaitany.o _iotestall.o _iotestany.o _iowaitsome.o _iotestsome.o'
MPIO_REQ_TMP_POBJECTS='iotest.p iowait.p iowaitall.p iowaitany.p iotestall.p iotestany.p iowaitsome.p iotestsome.p'
MPIRUN=''
MPI_FARRAY1=''
MPI_FARRAY2=''
MPI_FARRAY3=''
MPI_FARRAY4=''
MPI_FARRAY5=''
MPI_FARRAY6=''
MPI_FARRAY7=''
MPI_FINFO1=''
MPI_FINFO2=''
MPI_FINFO3=''
MPI_FINFO4=''
MPI_INCLUDE_DIR=''
MPI_LIB=''
MPI_OFFSET_KIND1='!'
MPI_OFFSET_KIND2='!'
MPI_OFFSET_TYPE=''
NEEDS_MPI_FINT=''
NM=''
NMEDIT=''
NOF77='1'
NOPROFILE='0'
OBJDUMP=''
OBJEXT=''
OTOOL64=''
OTOOL=''
PACKAGE=''
PACKAGE_BUGREPORT=''
PACKAGE_NAME=''
PACKAGE_STRING=''
PACKAGE_TARNAME=''
PACKAGE_VERSION=''
PATH_SEPARATOR=':'
PVFS2_CONFIG=''
RANLIB=''
ROMIO_HOME=''
ROMIO_INCLUDE=''
ROMIO_LFLAGS=''
ROMIO_LIBLIST=''
ROMIO_TCFLAGS=''
ROMIO_TCPPFLAGS=''
ROMIO_TFFLAGS=''
SED=''
SET_MAKE=''
SHELL='/bin/bash'
STRIP=''
SYSDEP_INC=''
TEST_CC=''
TEST_F77=''
TEST_LIBNAME=''
USER_CFLAGS=''
USER_FFLAGS=''
VERSION=''
WITHIN_KNOWN_MPI_IMPL=''
ac_ct_CC=''
ac_ct_DUMPBIN=''
ac_ct_F77=''
am__fastdepCC_FALSE=''
am__fastdepCC_TRUE=''
am__include=''
am__isrc=' -I$(srcdir)'
am__leading_dot='.'
am__quote=''
am__tar=''
am__untar=''
arch_IRIX=''
bindir='${exec_prefix}/bin'
build=''
build_alias=''
build_cpu=''
build_os=''
build_vendor=''
datadir='${datarootdir}'
datarootdir='${prefix}/share'
docdir='${datarootdir}/doc/${PACKAGE}'
dvidir='${docdir}'
exec_prefix='NONE'
host=''
host_alias=''
host_cpu=''
host_os=''
host_vendor=''
htmldir='${docdir}'
includedir='${prefix}/include'
infodir='${datarootdir}/info'
install_sh='$(SHELL) /home/yj2244/openmpi/openmpi-1.4.5/ompi/mca/io/romio/romio/confdb/install-sh'
libdir='${exec_prefix}/lib'
libexecdir='${exec_prefix}/libexec'
localedir='${datarootdir}/locale'
localstatedir='${prefix}/var'
lt_ECHO='echo'
mandir='${datarootdir}/man'
master_top_builddir=''
master_top_srcdir=''
master_topbuild_dir=''
mkdir_p='/bin/mkdir -p'
oldincludedir='/usr/include'
pdfdir='${docdir}'
prefix='/usr'
program_transform_name='s,x,x,'
psdir='${docdir}'
sbindir='${exec_prefix}/sbin'
sharedstatedir='${prefix}/com'
srcdir='../../../../../../ompi/mca/io/romio/romio'
sysconfdir='${prefix}/etc'
target_alias=''
top_build_dir=''
top_ompi_builddir='$(top_builddir)/../../../../..'
top_ompi_srcdir='$(top_srcdir)/../../../../..'

## ----------- ##
## confdefs.h. ##
## ----------- ##

#define PACKAGE_NAME ""
#define PACKAGE_TARNAME ""
#define PACKAGE_VERSION ""
#define PACKAGE_STRING ""
#define PACKAGE_BUGREPORT ""
#define HAVE_MPI_OFFSET 1

configure: exit 1
