This file contains any messages produced by compilers while
running configure, to aid debugging if configure makes a mistake.

It was created by OTF configure 1.3.12, which was
generated by GNU Autoconf 2.63.  Invocation command line was

  $ ./configure --without-zlib --prefix=/usr --exec-prefix=/usr --bindir=${prefix}/bin --libdir=${prefix}/lib --includedir=/usr/include/vampirtrace --docdir=${prefix}/share/vampirtrace/doc/otf --cache-file=/dev/null --srcdir=.

## --------- ##
## Platform. ##
## --------- ##

hostname = debian-ovp
uname -m = mips
uname -r = 2.6.32-5-4kc-malta
uname -s = Linux
uname -v = #1 Fri Dec 10 18:18:18 UTC 2010

/usr/bin/uname -p = unknown
/bin/uname -X     = unknown

/bin/arch              = unknown
/usr/bin/arch -k       = unknown
/usr/convex/getsysinfo = unknown
/usr/bin/hostinfo      = unknown
/bin/machine           = unknown
/usr/bin/oslevel       = unknown
/bin/universe          = unknown

PATH: /usr/local/bin
PATH: /usr/bin
PATH: /bin
PATH: /usr/local/games
PATH: /usr/games


## ----------- ##
## Core tests. ##
## ----------- ##

configure:2123: checking build system type
configure:2141: result: mipsel-unknown-linux-gnu
configure:2163: checking host system type
configure:2178: result: mipsel-unknown-linux-gnu
configure:2200: checking target system type
configure:2215: result: mipsel-unknown-linux-gnu
configure:2259: checking for a BSD-compatible install
configure:2327: result: /usr/bin/install -c
configure:2338: checking whether build environment is sane
configure:2381: result: yes
configure:2508: checking for a thread-safe mkdir -p
configure:2547: result: /bin/mkdir -p
configure:2560: checking for gawk
configure:2590: result: no
configure:2560: checking for mawk
configure:2576: found /usr/bin/mawk
configure:2587: result: mawk
configure:2598: checking whether make sets $(MAKE)
configure:2620: result: yes
configure:2765: checking for g++
configure:2781: found /usr/bin/g++
configure:2792: result: g++
configure:2819: checking for C++ compiler version
configure:2827: g++ --version >&5
g++ (Debian 4.4.5-8) 4.4.5
Copyright (C) 2010 Free Software Foundation, Inc.
This is free software; see the source for copying conditions.  There is NO
warranty; not even for MERCHANTABILITY or FITNESS FOR A PARTICULAR PURPOSE.

configure:2831: $? = 0
configure:2838: g++ -v >&5
Using built-in specs.
Target: mipsel-linux-gnu
Configured with: ../src/configure -v --with-pkgversion='Debian 4.4.5-8' --with-bugurl=file:///usr/share/doc/gcc-4.4/README.Bugs --enable-languages=c,c++,fortran,objc,obj-c++ --prefix=/usr --program-suffix=-4.4 --enable-shared --enable-multiarch --enable-linker-build-id --with-system-zlib --libexecdir=/usr/lib --without-included-gettext --enable-threads=posix --with-gxx-include-dir=/usr/include/c++/4.4 --libdir=/usr/lib --enable-nls --enable-clocale=gnu --enable-libstdcxx-debug --disable-libssp --enable-targets=all --enable-checking=release --build=mipsel-linux-gnu --host=mipsel-linux-gnu --target=mipsel-linux-gnu
Thread model: posix
gcc version 4.4.5 (Debian 4.4.5-8) 
configure:2842: $? = 0
configure:2849: g++ -V >&5
g++: '-V' option must have argument
configure:2853: $? = 1
configure:2876: checking for C++ compiler default output file name
configure:2898: g++ -O3 -DNDEBUG -finline-functions -pthread     conftest.cpp -lnsl -lutil  -lm  >&5
configure:2902: $? = 0
configure:2940: result: a.out
configure:2959: checking whether the C++ compiler works
configure:2969: ./a.out
configure:2973: $? = 0
configure:2992: result: yes
configure:2999: checking whether we are cross compiling
configure:3001: result: no
configure:3004: checking for suffix of executables
configure:3011: g++ -o conftest -O3 -DNDEBUG -finline-functions -pthread     conftest.cpp -lnsl -lutil  -lm  >&5
configure:3015: $? = 0
configure:3041: result: 
configure:3047: checking for suffix of object files
configure:3073: g++ -c -O3 -DNDEBUG -finline-functions -pthread   conftest.cpp >&5
configure:3077: $? = 0
configure:3102: result: o
configure:3106: checking whether we are using the GNU C++ compiler
configure:3135: g++ -c -O3 -DNDEBUG -finline-functions -pthread   conftest.cpp >&5
configure:3142: $? = 0
configure:3159: result: yes
configure:3168: checking whether g++ accepts -g
configure:3198: g++ -c -g   conftest.cpp >&5
configure:3205: $? = 0
configure:3306: result: yes
configure:3340: checking for style of include used by make
configure:3368: result: GNU
configure:3393: checking dependency style of g++
configure:3503: result: gcc3
configure:3566: checking for gcc
configure:3582: found /usr/bin/gcc
configure:3593: result: gcc
configure:3825: checking for C compiler version
configure:3833: gcc --version >&5
gcc (Debian 4.4.5-8) 4.4.5
Copyright (C) 2010 Free Software Foundation, Inc.
This is free software; see the source for copying conditions.  There is NO
warranty; not even for MERCHANTABILITY or FITNESS FOR A PARTICULAR PURPOSE.

configure:3837: $? = 0
configure:3844: gcc -v >&5
Using built-in specs.
Target: mipsel-linux-gnu
Configured with: ../src/configure -v --with-pkgversion='Debian 4.4.5-8' --with-bugurl=file:///usr/share/doc/gcc-4.4/README.Bugs --enable-languages=c,c++,fortran,objc,obj-c++ --prefix=/usr --program-suffix=-4.4 --enable-shared --enable-multiarch --enable-linker-build-id --with-system-zlib --libexecdir=/usr/lib --without-included-gettext --enable-threads=posix --with-gxx-include-dir=/usr/include/c++/4.4 --libdir=/usr/lib --enable-nls --enable-clocale=gnu --enable-libstdcxx-debug --disable-libssp --enable-targets=all --enable-checking=release --build=mipsel-linux-gnu --host=mipsel-linux-gnu --target=mipsel-linux-gnu
Thread model: posix
gcc version 4.4.5 (Debian 4.4.5-8) 
configure:3848: $? = 0
configure:3855: gcc -V >&5
gcc: '-V' option must have argument
configure:3859: $? = 1
configure:3862: checking whether we are using the GNU C compiler
configure:3891: gcc -c -O3 -DNDEBUG -finline-functions -fno-strict-aliasing -pthread -fvisibility=hidden   conftest.c >&5
configure:3898: $? = 0
configure:3915: result: yes
configure:3924: checking whether gcc accepts -g
configure:3954: gcc -c -g   conftest.c >&5
configure:3961: $? = 0
configure:4062: result: yes
configure:4079: checking for gcc option to accept ISO C89
configure:4153: gcc  -c -O3 -DNDEBUG -finline-functions -fno-strict-aliasing -pthread -fvisibility=hidden   conftest.c >&5
configure:4160: $? = 0
configure:4183: result: none needed
configure:4203: checking dependency style of gcc
configure:4313: result: gcc3
configure:4384: checking for a sed that does not truncate output
configure:4450: result: /bin/sed
configure:4468: checking for grep that handles long lines and -e
configure:4528: result: /bin/grep
configure:4533: checking for egrep
configure:4597: result: /bin/grep -E
configure:4602: checking for fgrep
configure:4666: result: /bin/grep -F
configure:4701: checking for ld used by gcc
configure:4768: result: /usr/bin/ld
configure:4777: checking if the linker (/usr/bin/ld) is GNU ld
configure:4792: result: yes
configure:4804: checking for BSD- or MS-compatible name lister (nm)
configure:4853: result: /usr/bin/nm -B
configure:4971: checking the name lister (/usr/bin/nm -B) interface
configure:4978: gcc -c -O3 -DNDEBUG -finline-functions -fno-strict-aliasing -pthread -fvisibility=hidden   conftest.c >&5
configure:4981: /usr/bin/nm -B "conftest.o"
configure:4984: output
00000000 B some_variable
configure:4991: result: BSD nm
configure:4994: checking whether ln -s works
configure:4998: result: yes
configure:5006: checking the maximum length of command line arguments
configure:5126: result: 1572864
configure:5143: checking whether the shell understands some XSI constructs
configure:5153: result: yes
configure:5157: checking whether the shell understands "+="
configure:5163: result: yes
configure:5198: checking for /usr/bin/ld option to reload object files
configure:5205: result: -r
configure:5274: checking for objdump
configure:5290: found /usr/bin/objdump
configure:5301: result: objdump
configure:5333: checking how to recognize dependent libraries
configure:5529: result: pass_all
configure:5589: checking for ar
configure:5605: found /usr/bin/ar
configure:5616: result: ar
configure:5694: checking for strip
configure:5710: found /usr/bin/strip
configure:5721: result: strip
configure:5793: checking for ranlib
configure:5809: found /usr/bin/ranlib
configure:5820: result: ranlib
configure:5910: checking command to parse /usr/bin/nm -B output from gcc object
configure:6028: gcc -c -O3 -DNDEBUG -finline-functions -fno-strict-aliasing -pthread -fvisibility=hidden   conftest.c >&5
configure:6031: $? = 0
configure:6035: /usr/bin/nm -B conftest.o \| sed -n -e 's/^.*[	 ]\([ABCDGIRSTW][ABCDGIRSTW]*\)[	 ][	 ]*\([_A-Za-z][_A-Za-z0-9]*\)$/\1 \2 \2/p' \> conftest.nm
configure:6038: $? = 0
configure:6092: gcc -o conftest -O3 -DNDEBUG -finline-functions -fno-strict-aliasing -pthread -fvisibility=hidden     conftest.c conftstm.o >&5
configure:6095: $? = 0
configure:6133: result: ok
configure:7000: checking how to run the C preprocessor
configure:7040: gcc -E   conftest.c
configure:7047: $? = 0
configure:7078: gcc -E   conftest.c
conftest.c:10:28: error: ac_nonexistent.h: No such file or directory
configure:7085: $? = 1
configure: failed program was:
| /* confdefs.h.  */
| #define PACKAGE_NAME "OTF"
| #define PACKAGE_TARNAME "otf"
| #define PACKAGE_VERSION "1.3.12"
| #define PACKAGE_STRING "OTF 1.3.12"
| #define PACKAGE_BUGREPORT "andreas.knuepfer@tu-dresden.de "
| #define PACKAGE "OTF"
| #define VERSION "1.3.12"
| /* end confdefs.h.  */
| #include <ac_nonexistent.h>
configure:7118: result: gcc -E
configure:7147: gcc -E   conftest.c
configure:7154: $? = 0
configure:7185: gcc -E   conftest.c
conftest.c:10:28: error: ac_nonexistent.h: No such file or directory
configure:7192: $? = 1
configure: failed program was:
| /* confdefs.h.  */
| #define PACKAGE_NAME "OTF"
| #define PACKAGE_TARNAME "otf"
| #define PACKAGE_VERSION "1.3.12"
| #define PACKAGE_STRING "OTF 1.3.12"
| #define PACKAGE_BUGREPORT "andreas.knuepfer@tu-dresden.de "
| #define PACKAGE "OTF"
| #define VERSION "1.3.12"
| /* end confdefs.h.  */
| #include <ac_nonexistent.h>
configure:7232: checking for ANSI C header files
configure:7262: gcc -c -O3 -DNDEBUG -finline-functions -fno-strict-aliasing -pthread -fvisibility=hidden   conftest.c >&5
configure:7269: $? = 0
configure:7368: gcc -o conftest -O3 -DNDEBUG -finline-functions -fno-strict-aliasing -pthread -fvisibility=hidden     conftest.c -lnsl -lutil  -lm  >&5
configure:7372: $? = 0
configure:7378: ./conftest
configure:7382: $? = 0
configure:7400: result: yes
configure:7424: checking for sys/types.h
configure:7445: gcc -c -O3 -DNDEBUG -finline-functions -fno-strict-aliasing -pthread -fvisibility=hidden   conftest.c >&5
configure:7452: $? = 0
configure:7469: result: yes
configure:7424: checking for sys/stat.h
configure:7445: gcc -c -O3 -DNDEBUG -finline-functions -fno-strict-aliasing -pthread -fvisibility=hidden   conftest.c >&5
configure:7452: $? = 0
configure:7469: result: yes
configure:7424: checking for stdlib.h
configure:7445: gcc -c -O3 -DNDEBUG -finline-functions -fno-strict-aliasing -pthread -fvisibility=hidden   conftest.c >&5
configure:7452: $? = 0
configure:7469: result: yes
configure:7424: checking for string.h
configure:7445: gcc -c -O3 -DNDEBUG -finline-functions -fno-strict-aliasing -pthread -fvisibility=hidden   conftest.c >&5
configure:7452: $? = 0
configure:7469: result: yes
configure:7424: checking for memory.h
configure:7445: gcc -c -O3 -DNDEBUG -finline-functions -fno-strict-aliasing -pthread -fvisibility=hidden   conftest.c >&5
configure:7452: $? = 0
configure:7469: result: yes
configure:7424: checking for strings.h
configure:7445: gcc -c -O3 -DNDEBUG -finline-functions -fno-strict-aliasing -pthread -fvisibility=hidden   conftest.c >&5
configure:7452: $? = 0
configure:7469: result: yes
configure:7424: checking for inttypes.h
configure:7445: gcc -c -O3 -DNDEBUG -finline-functions -fno-strict-aliasing -pthread -fvisibility=hidden   conftest.c >&5
configure:7452: $? = 0
configure:7469: result: yes
configure:7424: checking for stdint.h
configure:7445: gcc -c -O3 -DNDEBUG -finline-functions -fno-strict-aliasing -pthread -fvisibility=hidden   conftest.c >&5
configure:7452: $? = 0
configure:7469: result: yes
configure:7424: checking for unistd.h
configure:7445: gcc -c -O3 -DNDEBUG -finline-functions -fno-strict-aliasing -pthread -fvisibility=hidden   conftest.c >&5
configure:7452: $? = 0
configure:7469: result: yes
configure:7487: checking for dlfcn.h
configure:7508: gcc -c -O3 -DNDEBUG -finline-functions -fno-strict-aliasing -pthread -fvisibility=hidden   conftest.c >&5
configure:7515: $? = 0
configure:7532: result: yes
configure:7659: checking for C++ compiler version
configure:7667: g++ --version >&5
g++ (Debian 4.4.5-8) 4.4.5
Copyright (C) 2010 Free Software Foundation, Inc.
This is free software; see the source for copying conditions.  There is NO
warranty; not even for MERCHANTABILITY or FITNESS FOR A PARTICULAR PURPOSE.

configure:7671: $? = 0
configure:7678: g++ -v >&5
Using built-in specs.
Target: mipsel-linux-gnu
Configured with: ../src/configure -v --with-pkgversion='Debian 4.4.5-8' --with-bugurl=file:///usr/share/doc/gcc-4.4/README.Bugs --enable-languages=c,c++,fortran,objc,obj-c++ --prefix=/usr --program-suffix=-4.4 --enable-shared --enable-multiarch --enable-linker-build-id --with-system-zlib --libexecdir=/usr/lib --without-included-gettext --enable-threads=posix --with-gxx-include-dir=/usr/include/c++/4.4 --libdir=/usr/lib --enable-nls --enable-clocale=gnu --enable-libstdcxx-debug --disable-libssp --enable-targets=all --enable-checking=release --build=mipsel-linux-gnu --host=mipsel-linux-gnu --target=mipsel-linux-gnu
Thread model: posix
gcc version 4.4.5 (Debian 4.4.5-8) 
configure:7682: $? = 0
configure:7689: g++ -V >&5
g++: '-V' option must have argument
configure:7693: $? = 1
configure:7696: checking whether we are using the GNU C++ compiler
configure:7749: result: yes
configure:7758: checking whether g++ accepts -g
configure:7896: result: yes
configure:7921: checking dependency style of g++
configure:8031: result: gcc3
configure:8054: checking how to run the C++ preprocessor
configure:8090: g++ -E   conftest.cpp
configure:8097: $? = 0
configure:8128: g++ -E   conftest.cpp
conftest.cpp:21:28: error: ac_nonexistent.h: No such file or directory
configure:8135: $? = 1
configure: failed program was:
| /* confdefs.h.  */
| #define PACKAGE_NAME "OTF"
| #define PACKAGE_TARNAME "otf"
| #define PACKAGE_VERSION "1.3.12"
| #define PACKAGE_STRING "OTF 1.3.12"
| #define PACKAGE_BUGREPORT "andreas.knuepfer@tu-dresden.de "
| #define PACKAGE "OTF"
| #define VERSION "1.3.12"
| #define STDC_HEADERS 1
| #define HAVE_SYS_TYPES_H 1
| #define HAVE_SYS_STAT_H 1
| #define HAVE_STDLIB_H 1
| #define HAVE_STRING_H 1
| #define HAVE_MEMORY_H 1
| #define HAVE_STRINGS_H 1
| #define HAVE_INTTYPES_H 1
| #define HAVE_STDINT_H 1
| #define HAVE_UNISTD_H 1
| #define HAVE_DLFCN_H 1
| /* end confdefs.h.  */
| #include <ac_nonexistent.h>
configure:8168: result: g++ -E
configure:8197: g++ -E   conftest.cpp
configure:8204: $? = 0
configure:8235: g++ -E   conftest.cpp
conftest.cpp:21:28: error: ac_nonexistent.h: No such file or directory
configure:8242: $? = 1
configure: failed program was:
| /* confdefs.h.  */
| #define PACKAGE_NAME "OTF"
| #define PACKAGE_TARNAME "otf"
| #define PACKAGE_VERSION "1.3.12"
| #define PACKAGE_STRING "OTF 1.3.12"
| #define PACKAGE_BUGREPORT "andreas.knuepfer@tu-dresden.de "
| #define PACKAGE "OTF"
| #define VERSION "1.3.12"
| #define STDC_HEADERS 1
| #define HAVE_SYS_TYPES_H 1
| #define HAVE_SYS_STAT_H 1
| #define HAVE_STDLIB_H 1
| #define HAVE_STRING_H 1
| #define HAVE_MEMORY_H 1
| #define HAVE_STRINGS_H 1
| #define HAVE_INTTYPES_H 1
| #define HAVE_STDINT_H 1
| #define HAVE_UNISTD_H 1
| #define HAVE_DLFCN_H 1
| /* end confdefs.h.  */
| #include <ac_nonexistent.h>
configure:8426: checking for objdir
configure:8441: result: .libs
configure:8733: checking if gcc supports -fno-rtti -fno-exceptions
configure:8751: gcc -c -O3 -DNDEBUG -finline-functions -fno-strict-aliasing -pthread -fvisibility=hidden   -fno-rtti -fno-exceptions conftest.c >&5
cc1: warning: command line option "-fno-rtti" is valid for C++/ObjC++ but not for C
configure:8755: $? = 0
configure:8768: result: no
configure:8788: checking for gcc option to produce PIC
configure:9060: result: -fPIC -DPIC
configure:9072: checking if gcc PIC flag -fPIC -DPIC works
configure:9090: gcc -c -O3 -DNDEBUG -finline-functions -fno-strict-aliasing -pthread -fvisibility=hidden   -fPIC -DPIC -DPIC conftest.c >&5
configure:9094: $? = 0
configure:9107: result: yes
configure:9131: checking if gcc static flag -static works
configure:9159: result: yes
configure:9174: checking if gcc supports -c -o file.o
configure:9195: gcc -c -O3 -DNDEBUG -finline-functions -fno-strict-aliasing -pthread -fvisibility=hidden   -o out/conftest2.o conftest.c >&5
configure:9199: $? = 0
configure:9221: result: yes
configure:9229: checking if gcc supports -c -o file.o
configure:9276: result: yes
configure:9309: checking whether the gcc linker (/usr/bin/ld) supports shared libraries
configure:10383: result: yes
configure:10622: checking dynamic linker characteristics
configure:11065: gcc -o conftest -O3 -DNDEBUG -finline-functions -fno-strict-aliasing -pthread -fvisibility=hidden     -Wl,-rpath -Wl,/foo conftest.c -lnsl -lutil  -lm  >&5
configure:11072: $? = 0
configure:11305: result: GNU/Linux ld.so
configure:11407: checking how to hardcode library paths into programs
configure:11432: result: immediate
configure:12265: checking whether stripping libraries is possible
configure:12270: result: yes
configure:12305: checking if libtool supports shared libraries
configure:12307: result: yes
configure:12310: checking whether to build shared libraries
configure:12331: result: no
configure:12334: checking whether to build static libraries
configure:12338: result: yes
configure:12488: checking for ld used by g++
configure:12555: result: /usr/bin/ld
configure:12564: checking if the linker (/usr/bin/ld) is GNU ld
configure:12579: result: yes
configure:12634: checking whether the g++ linker (/usr/bin/ld) supports shared libraries
configure:13609: result: yes
configure:13637: g++ -c -O3 -DNDEBUG -finline-functions -pthread   conftest.cpp >&5
configure:13640: $? = 0
configure:13822: checking for g++ option to produce PIC
configure:14139: result: -fPIC -DPIC
configure:14148: checking if g++ PIC flag -fPIC -DPIC works
configure:14166: g++ -c -O3 -DNDEBUG -finline-functions -pthread   -fPIC -DPIC -DPIC conftest.cpp >&5
configure:14170: $? = 0
configure:14183: result: yes
configure:14204: checking if g++ static flag -static works
configure:14232: result: yes
configure:14244: checking if g++ supports -c -o file.o
configure:14265: g++ -c -O3 -DNDEBUG -finline-functions -pthread   -o out/conftest2.o conftest.cpp >&5
configure:14269: $? = 0
configure:14291: result: yes
configure:14296: checking if g++ supports -c -o file.o
configure:14343: result: yes
configure:14373: checking whether the g++ linker (/usr/bin/ld) supports shared libraries
configure:14399: result: yes
configure:14536: checking dynamic linker characteristics
configure:14927: g++ -o conftest -O3 -DNDEBUG -finline-functions -pthread     -Wl,-rpath -Wl,/foo conftest.cpp -lnsl -lutil  -lm  >&5
configure:14934: $? = 0
configure:15167: result: GNU/Linux ld.so
configure:15218: checking how to hardcode library paths into programs
configure:15243: result: immediate
configure:15385: checking vtf3.h usability
configure:15402: gcc -c -O3 -DNDEBUG -finline-functions -fno-strict-aliasing -pthread -fvisibility=hidden   conftest.c >&5
conftest.c:55:18: error: vtf3.h: No such file or directory
configure:15409: $? = 1
configure: failed program was:
| /* confdefs.h.  */
| #define PACKAGE_NAME "OTF"
| #define PACKAGE_TARNAME "otf"
| #define PACKAGE_VERSION "1.3.12"
| #define PACKAGE_STRING "OTF 1.3.12"
| #define PACKAGE_BUGREPORT "andreas.knuepfer@tu-dresden.de "
| #define PACKAGE "OTF"
| #define VERSION "1.3.12"
| #define STDC_HEADERS 1
| #define HAVE_SYS_TYPES_H 1
| #define HAVE_SYS_STAT_H 1
| #define HAVE_STDLIB_H 1
| #define HAVE_STRING_H 1
| #define HAVE_MEMORY_H 1
| #define HAVE_STRINGS_H 1
| #define HAVE_INTTYPES_H 1
| #define HAVE_STDINT_H 1
| #define HAVE_UNISTD_H 1
| #define HAVE_DLFCN_H 1
| #define LT_OBJDIR ".libs/"
| /* end confdefs.h.  */
| #include <stdio.h>
| #ifdef HAVE_SYS_TYPES_H
| # include <sys/types.h>
| #endif
| #ifdef HAVE_SYS_STAT_H
| # include <sys/stat.h>
| #endif
| #ifdef STDC_HEADERS
| # include <stdlib.h>
| # include <stddef.h>
| #else
| # ifdef HAVE_STDLIB_H
| #  include <stdlib.h>
| # endif
| #endif
| #ifdef HAVE_STRING_H
| # if !defined STDC_HEADERS && defined HAVE_MEMORY_H
| #  include <memory.h>
| # endif
| # include <string.h>
| #endif
| #ifdef HAVE_STRINGS_H
| # include <strings.h>
| #endif
| #ifdef HAVE_INTTYPES_H
| # include <inttypes.h>
| #endif
| #ifdef HAVE_STDINT_H
| # include <stdint.h>
| #endif
| #ifdef HAVE_UNISTD_H
| # include <unistd.h>
| #endif
| #include <vtf3.h>
configure:15423: result: no
configure:15427: checking vtf3.h presence
configure:15442: gcc -E   conftest.c
conftest.c:22:18: error: vtf3.h: No such file or directory
configure:15449: $? = 1
configure: failed program was:
| /* confdefs.h.  */
| #define PACKAGE_NAME "OTF"
| #define PACKAGE_TARNAME "otf"
| #define PACKAGE_VERSION "1.3.12"
| #define PACKAGE_STRING "OTF 1.3.12"
| #define PACKAGE_BUGREPORT "andreas.knuepfer@tu-dresden.de "
| #define PACKAGE "OTF"
| #define VERSION "1.3.12"
| #define STDC_HEADERS 1
| #define HAVE_SYS_TYPES_H 1
| #define HAVE_SYS_STAT_H 1
| #define HAVE_STDLIB_H 1
| #define HAVE_STRING_H 1
| #define HAVE_MEMORY_H 1
| #define HAVE_STRINGS_H 1
| #define HAVE_INTTYPES_H 1
| #define HAVE_STDINT_H 1
| #define HAVE_UNISTD_H 1
| #define HAVE_DLFCN_H 1
| #define LT_OBJDIR ".libs/"
| /* end confdefs.h.  */
| #include <vtf3.h>
configure:15463: result: no
configure:15496: checking for vtf3.h
configure:15503: result: no
configure:15511: error: no vtf3.h found; check path for VTF3 package first...
configure:15976: checking for ANSI C header files
configure:16144: result: yes
configure:16174: checking stddef.h usability
configure:16191: gcc -c -O3 -DNDEBUG -finline-functions -fno-strict-aliasing -pthread -fvisibility=hidden   conftest.c >&5
configure:16198: $? = 0
configure:16212: result: yes
configure:16216: checking stddef.h presence
configure:16231: gcc -E   conftest.c
configure:16238: $? = 0
configure:16252: result: yes
configure:16285: checking for stddef.h
configure:16294: result: yes
configure:16163: checking for stdlib.h
configure:16170: result: yes
configure:16163: checking for string.h
configure:16170: result: yes
configure:16174: checking sys/time.h usability
configure:16191: gcc -c -O3 -DNDEBUG -finline-functions -fno-strict-aliasing -pthread -fvisibility=hidden   conftest.c >&5
configure:16198: $? = 0
configure:16212: result: yes
configure:16216: checking sys/time.h presence
configure:16231: gcc -E   conftest.c
configure:16238: $? = 0
configure:16252: result: yes
configure:16285: checking for sys/time.h
configure:16294: result: yes
configure:16163: checking for unistd.h
configure:16170: result: yes
configure:16310: checking for stdint.h
configure:16315: result: yes
configure:16449: checking for inttypes.h
configure:16454: result: yes
configure:16591: checking whether va_copy is declared
configure:16621: gcc -c -O3 -DNDEBUG -finline-functions -fno-strict-aliasing -pthread -fvisibility=hidden   conftest.c >&5
configure:16628: $? = 0
configure:16643: result: yes
configure:16653: checking whether __va_copy is declared
configure:16683: gcc -c -O3 -DNDEBUG -finline-functions -fno-strict-aliasing -pthread -fvisibility=hidden   conftest.c >&5
configure:16690: $? = 0
configure:16705: result: yes
configure:16725: checking for asprintf
configure:16781: gcc -o conftest -O3 -DNDEBUG -finline-functions -fno-strict-aliasing -pthread -fvisibility=hidden     conftest.c -lnsl -lutil  -lm  >&5
configure:16788: $? = 0
configure:16810: result: yes
configure:16725: checking for snprintf
configure:16781: gcc -o conftest -O3 -DNDEBUG -finline-functions -fno-strict-aliasing -pthread -fvisibility=hidden     conftest.c -lnsl -lutil  -lm  >&5
conftest.c:54: warning: conflicting types for built-in function 'snprintf'
configure:16788: $? = 0
configure:16810: result: yes
configure:16725: checking for vasprintf
configure:16781: gcc -o conftest -O3 -DNDEBUG -finline-functions -fno-strict-aliasing -pthread -fvisibility=hidden     conftest.c -lnsl -lutil  -lm  >&5
configure:16788: $? = 0
configure:16810: result: yes
configure:16725: checking for vsnprintf
configure:16781: gcc -o conftest -O3 -DNDEBUG -finline-functions -fno-strict-aliasing -pthread -fvisibility=hidden     conftest.c -lnsl -lutil  -lm  >&5
conftest.c:56: warning: conflicting types for built-in function 'vsnprintf'
configure:16788: $? = 0
configure:16810: result: yes
configure:16725: checking for strdup
configure:16781: gcc -o conftest -O3 -DNDEBUG -finline-functions -fno-strict-aliasing -pthread -fvisibility=hidden     conftest.c -lnsl -lutil  -lm  >&5
conftest.c:57: warning: conflicting types for built-in function 'strdup'
configure:16788: $? = 0
configure:16810: result: yes
configure:16725: checking for fseeko
configure:16781: gcc -o conftest -O3 -DNDEBUG -finline-functions -fno-strict-aliasing -pthread -fvisibility=hidden     conftest.c -lnsl -lutil  -lm  >&5
configure:16788: $? = 0
configure:16810: result: yes
configure:16725: checking for ftello
configure:16781: gcc -o conftest -O3 -DNDEBUG -finline-functions -fno-strict-aliasing -pthread -fvisibility=hidden     conftest.c -lnsl -lutil  -lm  >&5
configure:16788: $? = 0
configure:16810: result: yes
configure:16827: checking for size_t
configure:16855: gcc -c -O3 -DNDEBUG -finline-functions -fno-strict-aliasing -pthread -fvisibility=hidden   conftest.c >&5
configure:16862: $? = 0
configure:16889: gcc -c -O3 -DNDEBUG -finline-functions -fno-strict-aliasing -pthread -fvisibility=hidden   conftest.c >&5
conftest.c: In function 'main':
conftest.c:73: error: expected expression before ')' token
configure:16896: $? = 1
configure: failed program was:
| /* confdefs.h.  */
| #define PACKAGE_NAME "OTF"
| #define PACKAGE_TARNAME "otf"
| #define PACKAGE_VERSION "1.3.12"
| #define PACKAGE_STRING "OTF 1.3.12"
| #define PACKAGE_BUGREPORT "andreas.knuepfer@tu-dresden.de "
| #define PACKAGE "OTF"
| #define VERSION "1.3.12"
| #define STDC_HEADERS 1
| #define HAVE_SYS_TYPES_H 1
| #define HAVE_SYS_STAT_H 1
| #define HAVE_STDLIB_H 1
| #define HAVE_STRING_H 1
| #define HAVE_MEMORY_H 1
| #define HAVE_STRINGS_H 1
| #define HAVE_INTTYPES_H 1
| #define HAVE_STDINT_H 1
| #define HAVE_UNISTD_H 1
| #define HAVE_DLFCN_H 1
| #define LT_OBJDIR ".libs/"
| #define STDC_HEADERS 1
| #define HAVE_STDDEF_H 1
| #define HAVE_STDLIB_H 1
| #define HAVE_STRING_H 1
| #define HAVE_SYS_TIME_H 1
| #define HAVE_UNISTD_H 1
| #define HAVE_VA_COPY 1
| #define HAVE_UNDERSCORE_VA_COPY 1
| #define HAVE_ASPRINTF 1
| #define HAVE_SNPRINTF 1
| #define HAVE_VASPRINTF 1
| #define HAVE_VSNPRINTF 1
| #define HAVE_STRDUP 1
| #define HAVE_FSEEKO 1
| #define HAVE_FTELLO 1
| /* end confdefs.h.  */
| #include <stdio.h>
| #ifdef HAVE_SYS_TYPES_H
| # include <sys/types.h>
| #endif
| #ifdef HAVE_SYS_STAT_H
| # include <sys/stat.h>
| #endif
| #ifdef STDC_HEADERS
| # include <stdlib.h>
| # include <stddef.h>
| #else
| # ifdef HAVE_STDLIB_H
| #  include <stdlib.h>
| # endif
| #endif
| #ifdef HAVE_STRING_H
| # if !defined STDC_HEADERS && defined HAVE_MEMORY_H
| #  include <memory.h>
| # endif
| # include <string.h>
| #endif
| #ifdef HAVE_STRINGS_H
| # include <strings.h>
| #endif
| #ifdef HAVE_INTTYPES_H
| # include <inttypes.h>
| #endif
| #ifdef HAVE_STDINT_H
| # include <stdint.h>
| #endif
| #ifdef HAVE_UNISTD_H
| # include <unistd.h>
| #endif
| int
| main ()
| {
| if (sizeof ((size_t)))
| 	  return 0;
|   ;
|   return 0;
| }
configure:16919: result: yes
configure:16945: checking size of long
configure:17250: gcc -o conftest -O3 -DNDEBUG -finline-functions -fno-strict-aliasing -pthread -fvisibility=hidden     conftest.c -lnsl -lutil  -lm  >&5
configure:17254: $? = 0
configure:17260: ./conftest
configure:17264: $? = 0
configure:17290: result: 4
configure:17467: creating ./config.status

## ---------------------- ##
## Running config.status. ##
## ---------------------- ##

This file was extended by OTF config.status 1.3.12, which was
generated by GNU Autoconf 2.63.  Invocation command line was

  CONFIG_FILES    = 
  CONFIG_HEADERS  = 
  CONFIG_LINKS    = 
  CONFIG_COMMANDS = 
  $ ./config.status 

on debian-ovp

config.status:1094: creating Makefile
config.status:1094: creating otflib/Makefile
config.status:1094: creating otflib/OTF_inttypes_unix.h
config.status:1094: creating tools/Makefile
config.status:1094: creating tools/otfaux/Makefile
config.status:1094: creating tools/otfcompress/Makefile
config.status:1094: creating tools/otfconfig/Makefile
config.status:1094: creating tools/otfdump/Makefile
config.status:1094: creating tools/otfinfo/Makefile
config.status:1094: creating tools/otfmerge/Makefile
config.status:1094: creating tools/otf2vtf/Makefile
config.status:1094: creating tools/vtf2otf/Makefile
config.status:1094: creating docu/Makefile
config.status:1094: creating config.h
config.status:1332: executing depfiles commands
config.status:1332: executing libtool commands

## ---------------- ##
## Cache variables. ##
## ---------------- ##

ac_cv_build=mipsel-unknown-linux-gnu
ac_cv_c_compiler_gnu=yes
ac_cv_cxx_compiler_gnu=yes
ac_cv_env_CCC_set=
ac_cv_env_CCC_value=
ac_cv_env_CC_set=
ac_cv_env_CC_value=
ac_cv_env_CFLAGS_set=set
ac_cv_env_CFLAGS_value='-O3 -DNDEBUG -finline-functions -fno-strict-aliasing -pthread -fvisibility=hidden'
ac_cv_env_CPPFLAGS_set=set
ac_cv_env_CPPFLAGS_value=' '
ac_cv_env_CPP_set=
ac_cv_env_CPP_value=
ac_cv_env_CXXCPP_set=
ac_cv_env_CXXCPP_value=
ac_cv_env_CXXFLAGS_set=set
ac_cv_env_CXXFLAGS_value='-O3 -DNDEBUG -finline-functions -pthread'
ac_cv_env_CXX_set=
ac_cv_env_CXX_value=
ac_cv_env_LDFLAGS_set=set
ac_cv_env_LDFLAGS_value=' '
ac_cv_env_LIBS_set=set
ac_cv_env_LIBS_value='-lnsl -lutil  -lm '
ac_cv_env_build_alias_set=
ac_cv_env_build_alias_value=
ac_cv_env_host_alias_set=
ac_cv_env_host_alias_value=
ac_cv_env_target_alias_set=
ac_cv_env_target_alias_value=
ac_cv_func_asprintf=yes
ac_cv_func_fseeko=yes
ac_cv_func_ftello=yes
ac_cv_func_snprintf=yes
ac_cv_func_strdup=yes
ac_cv_func_vasprintf=yes
ac_cv_func_vsnprintf=yes
ac_cv_have_decl___va_copy=yes
ac_cv_have_decl_va_copy=yes
ac_cv_header_dlfcn_h=yes
ac_cv_header_inttypes_h=yes
ac_cv_header_memory_h=yes
ac_cv_header_stdc=yes
ac_cv_header_stddef_h=yes
ac_cv_header_stdint_h=yes
ac_cv_header_stdlib_h=yes
ac_cv_header_string_h=yes
ac_cv_header_strings_h=yes
ac_cv_header_sys_stat_h=yes
ac_cv_header_sys_time_h=yes
ac_cv_header_sys_types_h=yes
ac_cv_header_unistd_h=yes
ac_cv_header_vtf3_h=no
ac_cv_host=mipsel-unknown-linux-gnu
ac_cv_objext=o
ac_cv_path_EGREP='/bin/grep -E'
ac_cv_path_FGREP='/bin/grep -F'
ac_cv_path_GREP=/bin/grep
ac_cv_path_SED=/bin/sed
ac_cv_path_install='/usr/bin/install -c'
ac_cv_path_mkdir=/bin/mkdir
ac_cv_prog_AWK=mawk
ac_cv_prog_CPP='gcc -E'
ac_cv_prog_CXXCPP='g++ -E'
ac_cv_prog_ac_ct_AR=ar
ac_cv_prog_ac_ct_CC=gcc
ac_cv_prog_ac_ct_CXX=g++
ac_cv_prog_ac_ct_OBJDUMP=objdump
ac_cv_prog_ac_ct_RANLIB=ranlib
ac_cv_prog_ac_ct_STRIP=strip
ac_cv_prog_cc_c89=
ac_cv_prog_cc_g=yes
ac_cv_prog_cxx_g=yes
ac_cv_prog_make_make_set=yes
ac_cv_sizeof_long=4
ac_cv_target=mipsel-unknown-linux-gnu
ac_cv_type_size_t=yes
am_cv_CC_dependencies_compiler_type=gcc3
am_cv_CXX_dependencies_compiler_type=gcc3
lt_cv_deplibs_check_method=pass_all
lt_cv_file_magic_cmd='$MAGIC_CMD'
lt_cv_file_magic_test_file=
lt_cv_ld_reload_flag=-r
lt_cv_nm_interface='BSD nm'
lt_cv_objdir=.libs
lt_cv_path_LD=/usr/bin/ld
lt_cv_path_LDCXX=/usr/bin/ld
lt_cv_path_NM='/usr/bin/nm -B'
lt_cv_prog_compiler_c_o=yes
lt_cv_prog_compiler_c_o_CXX=yes
lt_cv_prog_compiler_pic_works=yes
lt_cv_prog_compiler_pic_works_CXX=yes
lt_cv_prog_compiler_rtti_exceptions=no
lt_cv_prog_compiler_static_works=yes
lt_cv_prog_compiler_static_works_CXX=yes
lt_cv_prog_gnu_ld=yes
lt_cv_prog_gnu_ldcxx=yes
lt_cv_sys_global_symbol_pipe='sed -n -e '\''s/^.*[	 ]\([ABCDGIRSTW][ABCDGIRSTW]*\)[	 ][	 ]*\([_A-Za-z][_A-Za-z0-9]*\)$/\1 \2 \2/p'\'''
lt_cv_sys_global_symbol_to_c_name_address='sed -n -e '\''s/^: \([^ ]*\) $/  {\"\1\", (void *) 0},/p'\'' -e '\''s/^[ABCDGIRSTW]* \([^ ]*\) \([^ ]*\)$/  {"\2", (void *) \&\2},/p'\'''
lt_cv_sys_global_symbol_to_c_name_address_lib_prefix='sed -n -e '\''s/^: \([^ ]*\) $/  {\"\1\", (void *) 0},/p'\'' -e '\''s/^[ABCDGIRSTW]* \([^ ]*\) \(lib[^ ]*\)$/  {"\2", (void *) \&\2},/p'\'' -e '\''s/^[ABCDGIRSTW]* \([^ ]*\) \([^ ]*\)$/  {"lib\2", (void *) \&\2},/p'\'''
lt_cv_sys_global_symbol_to_cdecl='sed -n -e '\''s/^T .* \(.*\)$/extern int \1();/p'\'' -e '\''s/^[ABCDGIRSTW]* .* \(.*\)$/extern char \1;/p'\'''
lt_cv_sys_max_cmd_len=1572864

## ----------------- ##
## Output variables. ##
## ----------------- ##

ACLOCAL='${SHELL} /home/yj2244/openmpi/openmpi-1.4.5/ompi/contrib/vt/vt/missing --run aclocal-1.10'
AMBUILDBINARIES_FALSE='#'
AMBUILDBINARIES_TRUE=''
AMDEPBACKSLASH='\'
AMDEPZLIB_FALSE=''
AMDEPZLIB_TRUE='#'
AMDEP_FALSE='#'
AMDEP_TRUE=''
AMHAVEVTF3_FALSE=''
AMHAVEVTF3_TRUE='#'
AMHAVEZLIB_FALSE=''
AMHAVEZLIB_TRUE='#'
AMTAR='${SHELL} /home/yj2244/openmpi/openmpi-1.4.5/ompi/contrib/vt/vt/missing --run tar'
AR='ar'
AUTOCONF='${SHELL} /home/yj2244/openmpi/openmpi-1.4.5/ompi/contrib/vt/vt/missing --run autoconf'
AUTOHEADER='${SHELL} /home/yj2244/openmpi/openmpi-1.4.5/ompi/contrib/vt/vt/missing --run autoheader'
AUTOMAKE='${SHELL} /home/yj2244/openmpi/openmpi-1.4.5/ompi/contrib/vt/vt/missing --run automake-1.10'
AWK='mawk'
CC='gcc'
CCDEPMODE='depmode=gcc3'
CFLAGS='-O3 -DNDEBUG -finline-functions -fno-strict-aliasing -pthread -fvisibility=hidden'
CPP='gcc -E'
CPPFLAGS=' '
CXX='g++'
CXXCPP='g++ -E'
CXXDEPMODE='depmode=gcc3'
CXXFLAGS='-O3 -DNDEBUG -finline-functions -pthread'
CYGPATH_W='echo'
DEFS='-DHAVE_CONFIG_H'
DEPDIR='.deps'
DSYMUTIL=''
DUMPBIN=''
ECHO_C=''
ECHO_N='-n'
ECHO_T=''
EGREP='/bin/grep -E'
EXEEXT=''
FGREP='/bin/grep -F'
GREP='/bin/grep'
INSTALL_DATA='${INSTALL} -m 644'
INSTALL_PROGRAM='${INSTALL}'
INSTALL_SCRIPT='${INSTALL}'
INSTALL_STRIP_PROGRAM='$(install_sh) -c -s'
LD='/usr/bin/ld'
LDFLAGS=' '
LIBOBJS=''
LIBS='-lnsl -lutil  -lm '
LIBTOOL='$(SHELL) $(top_builddir)/libtool'
LIPO=''
LN_S='ln -s'
LTLIBOBJS=''
MAKEINFO='${SHELL} /home/yj2244/openmpi/openmpi-1.4.5/ompi/contrib/vt/vt/missing --run makeinfo'
MKDIR_P='/bin/mkdir -p'
NM='/usr/bin/nm -B'
NMEDIT=''
OBJDUMP='objdump'
OBJEXT='o'
OTOOL64=''
OTOOL=''
PACKAGE='OTF'
PACKAGE_BUGREPORT='andreas.knuepfer@tu-dresden.de '
PACKAGE_NAME='OTF'
PACKAGE_STRING='OTF 1.3.12'
PACKAGE_TARNAME='otf'
PACKAGE_VERSION='1.3.12'
PATH_SEPARATOR=':'
RANLIB='ranlib'
SED='/bin/sed'
SET_MAKE=''
SHELL='/bin/bash'
STRIP='strip'
VERSION='1.3.12'
VTF3_INCLUDE_DIR=''
VTF3_INCLUDE_LINE=''
VTF3_LIB_DIR=''
VTF3_LIB_LINE=''
ZLIB_INCLUDE_DIR=''
ZLIB_INCLUDE_LINE=''
ZLIB_LIB_DIR=''
ZLIB_LIB_LINE=''
ac_ct_CC='gcc'
ac_ct_CXX='g++'
ac_ct_DUMPBIN=''
am__fastdepCC_FALSE='#'
am__fastdepCC_TRUE=''
am__fastdepCXX_FALSE='#'
am__fastdepCXX_TRUE=''
am__include='include'
am__isrc=''
am__leading_dot='.'
am__quote=''
am__tar='${AMTAR} chof - "$$tardir"'
am__untar='${AMTAR} xf -'
bindir='${prefix}/bin'
build='mipsel-unknown-linux-gnu'
build_alias=''
build_cpu='mipsel'
build_os='linux-gnu'
build_vendor='unknown'
datadir='${datarootdir}'
datarootdir='${prefix}/share'
docdir='${prefix}/share/vampirtrace/doc/otf'
dvidir='${docdir}'
exec_prefix='/usr'
have_inttypes_h='1'
have_stdint_h='1'
host='mipsel-unknown-linux-gnu'
host_alias=''
host_cpu='mipsel'
host_os='linux-gnu'
host_vendor='unknown'
htmldir='${docdir}'
includedir='/usr/include/vampirtrace'
infodir='${datarootdir}/info'
install_sh='$(SHELL) /home/yj2244/openmpi/openmpi-1.4.5/ompi/contrib/vt/vt/install-sh'
libdir='${prefix}/lib'
libexecdir='${exec_prefix}/libexec'
localedir='${datarootdir}/locale'
localstatedir='${prefix}/var'
lt_ECHO='echo'
mandir='${datarootdir}/man'
mkdir_p='/bin/mkdir -p'
oldincludedir='/usr/include'
pdfdir='${docdir}'
prefix='/usr'
program_transform_name='s,x,x,'
psdir='${docdir}'
sbindir='${exec_prefix}/sbin'
sharedstatedir='${prefix}/com'
sizeof_long='4'
sysconfdir='${prefix}/etc'
target='mipsel-unknown-linux-gnu'
target_alias=''
target_cpu='mipsel'
target_os='linux-gnu'
target_vendor='unknown'

## ----------- ##
## confdefs.h. ##
## ----------- ##

#define PACKAGE_NAME "OTF"
#define PACKAGE_TARNAME "otf"
#define PACKAGE_VERSION "1.3.12"
#define PACKAGE_STRING "OTF 1.3.12"
#define PACKAGE_BUGREPORT "andreas.knuepfer@tu-dresden.de "
#define PACKAGE "OTF"
#define VERSION "1.3.12"
#define STDC_HEADERS 1
#define HAVE_SYS_TYPES_H 1
#define HAVE_SYS_STAT_H 1
#define HAVE_STDLIB_H 1
#define HAVE_STRING_H 1
#define HAVE_MEMORY_H 1
#define HAVE_STRINGS_H 1
#define HAVE_INTTYPES_H 1
#define HAVE_STDINT_H 1
#define HAVE_UNISTD_H 1
#define HAVE_DLFCN_H 1
#define LT_OBJDIR ".libs/"
#define STDC_HEADERS 1
#define HAVE_STDDEF_H 1
#define HAVE_STDLIB_H 1
#define HAVE_STRING_H 1
#define HAVE_SYS_TIME_H 1
#define HAVE_UNISTD_H 1
#define HAVE_VA_COPY 1
#define HAVE_UNDERSCORE_VA_COPY 1
#define HAVE_ASPRINTF 1
#define HAVE_SNPRINTF 1
#define HAVE_VASPRINTF 1
#define HAVE_VSNPRINTF 1
#define HAVE_STRDUP 1
#define HAVE_FSEEKO 1
#define HAVE_FTELLO 1
#define SIZEOF_LONG 4

configure: exit 0
